Change Component Designator: Old Designator=C1 New Designator=C11
Change Component Designator: Old Designator=C2 New Designator=C12
Change Component Designator: Old Designator=C3 New Designator=C4
Change Component Designator: Old Designator=C4 New Designator=C6
Change Component Designator: Old Designator=C5 New Designator=C7
Change Component Designator: Old Designator=C6 New Designator=C2
Change Component Designator: Old Designator=C7 New Designator=C13
Change Component Designator: Old Designator=C9 New Designator=C3
Change Component Designator: Old Designator=C10 New Designator=C9
Change Component Designator: Old Designator=C11 New Designator=C10
Change Component Designator: Old Designator=C12 New Designator=C1
Change Component Designator: Old Designator=C13 New Designator=C5
Change Component Designator: Old Designator=C14 New Designator=C21
Change Component Designator: Old Designator=C15 New Designator=C14
Change Component Designator: Old Designator=C16 New Designator=C18
Change Component Designator: Old Designator=C17 New Designator=C19
Change Component Designator: Old Designator=C18 New Designator=C20
Change Component Designator: Old Designator=C19 New Designator=C27
Change Component Designator: Old Designator=C20 New Designator=C23
Change Component Designator: Old Designator=C21 New Designator=C24
Change Component Designator: Old Designator=C22 New Designator=C25
Change Component Designator: Old Designator=C23 New Designator=C26
Change Component Designator: Old Designator=C24 New Designator=C15
Change Component Designator: Old Designator=C25 New Designator=C16
Change Component Designator: Old Designator=C26 New Designator=C17
Change Component Designator: Old Designator=C27 New Designator=C29
Change Component Designator: Old Designator=C28 New Designator=C43
Change Component Designator: Old Designator=C29 New Designator=C44
Change Component Designator: Old Designator=C30 New Designator=C35
Change Component Designator: Old Designator=C31 New Designator=C36
Change Component Designator: Old Designator=C32 New Designator=C37
Change Component Designator: Old Designator=C33 New Designator=C39
Change Component Designator: Old Designator=C34 New Designator=C40
Change Component Designator: Old Designator=C35 New Designator=C41
Change Component Designator: Old Designator=C36 New Designator=C38
Change Component Designator: Old Designator=C37 New Designator=C42
Change Component Designator: Old Designator=C38 New Designator=C31
Change Component Designator: Old Designator=C39 New Designator=C28
Change Component Designator: Old Designator=C40 New Designator=C22
Change Component Designator: Old Designator=C41 New Designator=C32
Change Component Designator: Old Designator=C42 New Designator=C30
Change Component Designator: Old Designator=C43 New Designator=C33
Change Component Designator: Old Designator=C44 New Designator=C34
Change Component Designator: Old Designator=C_bat New Designator=C_bat1
Change Component Designator: Old Designator=C_rst New Designator=C_rst1
Change Component Designator: Old Designator=D1 New Designator=D5
Change Component Designator: Old Designator=D2 New Designator=D6
Change Component Designator: Old Designator=D3 New Designator=D7
Change Component Designator: Old Designator=D4 New Designator=D1
Change Component Designator: Old Designator=D5 New Designator=D8
Change Component Designator: Old Designator=D6 New Designator=D2
Change Component Designator: Old Designator=D7 New Designator=D4
Change Component Designator: Old Designator=D8 New Designator=D3
Change Component Designator: Old Designator=L1 New Designator=L2
Change Component Designator: Old Designator=L2 New Designator=L1
Change Component Designator: Old Designator=L3 New Designator=L4
Change Component Designator: Old Designator=L4 New Designator=L3
Change Component Designator: Old Designator=P1 New Designator=P2
Change Component Designator: Old Designator=P3 New Designator=P4
Change Component Designator: Old Designator=P4 New Designator=P1
Change Component Designator: Old Designator=P7 New Designator=P3
Change Component Designator: Old Designator=Q4 New Designator=Q3
Change Component Designator: Old Designator=Q5 New Designator=Q4
Change Component Designator: Old Designator=R3 New Designator=R9
Change Component Designator: Old Designator=R5 New Designator=R8
Change Component Designator: Old Designator=R6 New Designator=R13
Change Component Designator: Old Designator=R7 New Designator=R14
Change Component Designator: Old Designator=R8 New Designator=R16
Change Component Designator: Old Designator=R9 New Designator=R18
Change Component Designator: Old Designator=R10 New Designator=R17
Change Component Designator: Old Designator=R11 New Designator=R19
Change Component Designator: Old Designator=R12 New Designator=R3
Change Component Designator: Old Designator=R13 New Designator=R7
Change Component Designator: Old Designator=R14 New Designator=R11
Change Component Designator: Old Designator=R15 New Designator=R10
Change Component Designator: Old Designator=R16 New Designator=R12
Change Component Designator: Old Designator=R17 New Designator=R15
Change Component Designator: Old Designator=R18 New Designator=R21
Change Component Designator: Old Designator=R19 New Designator=R22
Change Component Designator: Old Designator=R21 New Designator=R23
Change Component Designator: Old Designator=R22 New Designator=R6
Change Component Designator: Old Designator=R23 New Designator=R5
Change Component Designator: Old Designator=R_L1 New Designator=R_L3
Change Component Designator: Old Designator=R_L2 New Designator=R_L4
Change Component Designator: Old Designator=R_L3 New Designator=R_L5
Change Component Designator: Old Designator=R_L5 New Designator=R_L6
Change Component Designator: Old Designator=R_L7 New Designator=R_L2
Change Component Designator: Old Designator=R_L8 New Designator=R_L1
Change Component Designator: Old Designator=R_rst New Designator=R_rst1
Change Component Designator: Old Designator=S1 New Designator=S2
Change Component Designator: Old Designator=S2 New Designator=S1
Change Component Designator: Old Designator=TP1 New Designator=TP2
Change Component Designator: Old Designator=TP2 New Designator=TP3
Change Component Designator: Old Designator=TP3 New Designator=TP1
Change Component Designator: Old Designator=TP5 New Designator=TP11
Change Component Designator: Old Designator=TP6 New Designator=TP13
Change Component Designator: Old Designator=TP7 New Designator=TP12
Change Component Designator: Old Designator=TP8 New Designator=TP7
Change Component Designator: Old Designator=TP9 New Designator=TP8
Change Component Designator: Old Designator=TP10 New Designator=TP9
Change Component Designator: Old Designator=TP11 New Designator=TP10
Change Component Designator: Old Designator=TP12 New Designator=TP5
Change Component Designator: Old Designator=TP13 New Designator=TP6
Change Component Designator: Old Designator=U1 New Designator=U9
Change Component Designator: Old Designator=U2 New Designator=U6
Change Component Designator: Old Designator=U6 New Designator=U1
Change Component Designator: Old Designator=U7 New Designator=U2
Change Component Designator: Old Designator=U14 New Designator=U11
Change Component Designator: Old Designator=U15 New Designator=U10
Change Component Designator: Old Designator=U17 New Designator=U7
Change Component Designator: Old Designator=W2 New Designator=W3
Change Component Designator: Old Designator=W3 New Designator=W2
