Remove Pin=P3-3 From Net=SWDIO
Remove Pin=P3-4 From Net=SWCLK
Remove Pin=P3-5 From Net=NRST
Remove Pin=P3-6 From Net=DEBUG_TX
Remove Pin=P3-7 From Net=DEBUG_RX
Remove Pin=TP11-2 From Net=IMG_TX
Remove Pin=TP12-2 From Net=PWM_SERVO
Remove Pin=TP13-2 From Net=IMG_RX
Remove Pin=U1-23 From Net=I2C_SCL
Remove Pin=U1-24 From Net=I2C_SDA
Remove Pin=U3-4 From Net=I2C_SCL
Remove Pin=U3-6 From Net=I2C_SDA
Remove Pin=U4-1 From Net=I2C_SCL
Remove Pin=U4-16 From Net=I2C_SDA
Remove Pin=U5-7 From Net=I2C_SDA
Remove Pin=U5-8 From Net=I2C_SCL
Remove Pin=U7-8 From Net=ADC_PITOT
Remove Pin=U7-9 From Net=ADC_BAT
Remove Pin=U7-10 From Net=ADC_5V
Remove Pin=U7-14 From Net=XB_CTS
Remove Pin=U7-15 From Net=XB_RTS
Remove Pin=U7-16 From Net=XB_RX
Remove Pin=U7-17 From Net=XB_TX
Remove Pin=U7-20 From Net=SLEEP_RQ
Remove Pin=U7-22 From Net=SHDN_IN
Remove Pin=U7-23 From Net=PWM_SERVO
Remove Pin=U7-24 From Net=~GPS_EN
Remove Pin=U7-25 From Net=~SD_EN
Remove Pin=U7-26 From Net=PWM_LED
Remove Pin=U7-27 From Net=PWM_BUZZER
Remove Pin=U7-29 From Net=IMG_TX
Remove Pin=U7-30 From Net=IMG_RX
Remove Pin=U7-33 From Net=INT_MPU
Remove Pin=U7-34 From Net=INT_HMC
Remove Pin=U7-35 From Net=INT_H3LIS
Remove Pin=U7-37 From Net=DEBUG_TX
Remove Pin=U7-38 From Net=DEBUG_RX
Remove Pin=U7-39 From Net=SDIO_D0
Remove Pin=U7-40 From Net=SDIO_D1
Remove Pin=U7-42 From Net=GPS_TX
Remove Pin=U7-43 From Net=GPS_RX
Remove Pin=U7-46 From Net=SWDIO
Remove Pin=U7-49 From Net=SWCLK
Remove Pin=U7-51 From Net=SDIO_D2
Remove Pin=U7-52 From Net=SDIO_D3
Remove Pin=U7-53 From Net=SDIO_CLK
Remove Pin=U7-54 From Net=SDIO_CMD
Remove Pin=U7-55 From Net=H_BEAT
Remove Pin=U7-56 From Net=ERR_LED
Remove Pin=U7-57 From Net=SD_LED
Remove Pin=U7-60 From Net=GND
Remove Pin=U8-4 From Net=TIMEPULSE
Remove Pin=U8-11 From Net=RF_IN
Remove Pin=U10-9 From Net=SLEEP_RQ
Remove Pin=U11-1 From Net=SDIO_D2
Remove Pin=U11-2 From Net=SDIO_D3
Remove Pin=U11-3 From Net=SDIO_CMD
Remove Pin=U11-5 From Net=SDIO_CLK
Remove Pin=U11-7 From Net=SDIO_D0
Remove Pin=U11-8 From Net=SDIO_D1
