Removed Pin From Net: NetName=3V3 Pin=C35-1
Removed Pin From Net: NetName=3V3 Pin=C36-1
Removed Pin From Net: NetName=3V3 Pin=C37-1
Removed Pin From Net: NetName=3V3 Pin=C39-1
Removed Pin From Net: NetName=3V3 Pin=C40-1
Removed Pin From Net: NetName=3V3 Pin=C41-1
Removed Pin From Net: NetName=3V3 Pin=P3-1
Removed Pin From Net: NetName=3V3 Pin=Q1-2
Removed Pin From Net: NetName=3V3 Pin=Q2-2
Removed Pin From Net: NetName=3V3 Pin=R3-2
Removed Pin From Net: NetName=3V3 Pin=R5-2
Removed Pin From Net: NetName=3V3 Pin=R6-2
Removed Pin From Net: NetName=3V3 Pin=R15-2
Removed Pin From Net: NetName=3V3 Pin=R20-1
Removed Pin From Net: NetName=3V3 Pin=Rl3-2
Removed Pin From Net: NetName=3V3 Pin=Rr-1
Removed Pin From Net: NetName=GND Pin=U1-25
Removed Pin From Net: NetName=3V3 Pin=U7-1
Removed Pin From Net: NetName=3V3 Pin=U7-19
Removed Pin From Net: NetName=3V3 Pin=U7-32
Removed Pin From Net: NetName=3V3 Pin=U7-48
Removed Pin From Net: NetName=3V3 Pin=U7-64
Removed Pin From Net: NetName=3V3 Pin=W5-2
Added Pin To Net: NetName=3V3A Pin=C35-1
Added Pin To Net: NetName=3V3A Pin=C36-1
Added Pin To Net: NetName=3V3A Pin=C37-1
Added Pin To Net: NetName=3V3A Pin=C39-1
Added Pin To Net: NetName=3V3A Pin=C40-1
Added Pin To Net: NetName=3V3A Pin=C41-1
Added Pin To Net: NetName=3V3A Pin=P3-1
Added Pin To Net: NetName=3V3A Pin=Q1-2
Added Pin To Net: NetName=3V3A Pin=Q2-2
Added Pin To Net: NetName=3V3A Pin=R3-2
Added Pin To Net: NetName=3V3A Pin=R5-2
Added Pin To Net: NetName=3V3A Pin=R6-2
Added Pin To Net: NetName=3V3A Pin=R15-2
Added Pin To Net: NetName=3V3A Pin=R20-1
Added Pin To Net: NetName=3V3A Pin=Rl3-2
Added Pin To Net: NetName=3V3A Pin=Rr-1
Added Pin To Net: NetName=3V3A Pin=U7-1
Added Pin To Net: NetName=3V3A Pin=U7-19
Added Pin To Net: NetName=3V3A Pin=U7-32
Added Pin To Net: NetName=3V3A Pin=U7-48
Added Pin To Net: NetName=3V3A Pin=U7-64
Added Pin To Net: NetName=3V3A Pin=W5-2
Change Net Name : Old Net Name=3V3 New Net Name=NetL3_1
Change Net Name : Old Net Name=3V3A New Net Name=3V3
