Removed Pin From Net: NetName=3V3 Pin=C33-1
Removed Pin From Net: NetName=GND Pin=C33-2
Removed Pin From Net: NetName=3V3 Pin=C34-1
Removed Pin From Net: NetName=GND Pin=C34-2
Removed Pin From Net: NetName=5V Pin=C_cam-1
Removed Pin From Net: NetName=GND Pin=C_cam-2
Removed Pin From Net: NetName=5V Pin=C_servo-1
Removed Pin From Net: NetName=GND Pin=C_servo-2
Removed Pin From Net: NetName=NetD1_1 Pin=D1-1
Removed Pin From Net: NetName=NetD4_1 Pin=D4-1
Removed Pin From Net: NetName=GND Pin=P3-2
Removed Pin From Net: NetName=IMG_TX Pin=P3-3
Removed Pin From Net: NetName=IMG_RX Pin=P3-4
Removed Pin From Net: NetName=GND Pin=P5-1
Removed Pin From Net: NetName=5V Pin=P5-2
Removed Pin From Net: NetName=PWM_LED Pin=P5-3
Removed Pin From Net: NetName=GND Pin=R7-1
Removed Pin From Net: NetName=NetBT1_1 Pin=R13-2
Removed Pin From Net: NetName=NetD1_1 Pin=R_L1-1
Removed Pin From Net: NetName=3V3 Pin=R_L1-2
Removed Pin From Net: NetName=5V Pin=R_L2-2
Removed Pin From Net: NetName=NetD3_1 Pin=R_L3-1
Removed Pin From Net: NetName=SDIO_D0 Pin=R_L3-2
Removed Pin From Net: NetName=5V Pin=W1-1
Removed Pin From Net: NetName=NetD4_1 Pin=W3-1
Change Component DesignItemId : Designator=P3 Old DesignItemId=Header 4 New DesignItemId=SWD
Change Component Footprint: Designator=R1 Old Footprint=J1-0603 New Footprint=RES_0603
Change Component Footprint: Designator=R2 Old Footprint=J1-0603 New Footprint=RES_0603
Change Component Footprint: Designator=R3 Old Footprint=J1-0603 New Footprint=RES_0603
Change Component Footprint: Designator=R4 Old Footprint=J1-0603 New Footprint=RES_0603
Change Component Footprint: Designator=R5 Old Footprint=J1-0603 New Footprint=RES_0603
Change Component Footprint: Designator=R6 Old Footprint=J1-0603 New Footprint=RES_0603
Change Component Footprint: Designator=R7 Old Footprint=J1-0603 New Footprint=RES_0603
Change Component Footprint: Designator=R8 Old Footprint=J1-0603 New Footprint=RES_0603
Change Component Footprint: Designator=R9 Old Footprint=J1-0603 New Footprint=RES_0603
Change Component Footprint: Designator=R10 Old Footprint=J1-0603 New Footprint=RES_0603
Change Component Footprint: Designator=R11 Old Footprint=J1-0603 New Footprint=RES_0603
Change Component Footprint: Designator=R12 Old Footprint=J1-0603 New Footprint=RES_0603
Change Component Footprint: Designator=R14 Old Footprint=J1-0603 New Footprint=RES_0603
Change Component Footprint: Designator=R15 Old Footprint=J1-0603 New Footprint=RES_0603
Change Component Footprint: Designator=R16 Old Footprint=J1-0603 New Footprint=RES_0603
Change Component Footprint: Designator=R17 Old Footprint=J1-0603 New Footprint=RES_0603
Change Component Footprint: Designator=R18 Old Footprint=J1-0603 New Footprint=RES_0603
Change Component Footprint: Designator=R19 Old Footprint=J1-0603 New Footprint=RES_0603
Change Component Footprint: Designator=R20 Old Footprint=J1-0603 New Footprint=RES_0603
Change Component Footprint: Designator=R21 Old Footprint=J1-0603 New Footprint=RES_0603
Change Component Footprint: Designator=R22 Old Footprint=J1-0603 New Footprint=RES_0603
Change Component Footprint: Designator=R23 Old Footprint=J1-0603 New Footprint=RES_0603
Change Component Footprint: Designator=R_L1 Old Footprint=J1-0603 New Footprint=RES_0603
Change Component Footprint: Designator=R_L2 Old Footprint=J1-0603 New Footprint=RES_0603
Change Component Footprint: Designator=R_L3 Old Footprint=J1-0603 New Footprint=RES_0603
Change Component Footprint: Designator=R_L5 Old Footprint=J1-0603 New Footprint=RES_0603
Change Component Footprint: Designator=R_rst Old Footprint=J1-0603 New Footprint=RES_0603
Change Component Comment : Designator=P3 Old Comment=Camera Connector New Comment=SWD
Change Component Designator: OldDesignator=C1 NewDesignator=C11
Change Component Designator: OldDesignator=C2 NewDesignator=C12
Change Component Designator: OldDesignator=C3 NewDesignator=C4
Change Component Designator: OldDesignator=C4 NewDesignator=C6
Change Component Designator: OldDesignator=C5 NewDesignator=C7
Change Component Designator: OldDesignator=C6 NewDesignator=C2
Change Component Designator: OldDesignator=C7 NewDesignator=C13
Change Component Designator: OldDesignator=C9 NewDesignator=C3
Change Component Designator: OldDesignator=C10 NewDesignator=C9
Change Component Designator: OldDesignator=C11 NewDesignator=C10
Change Component Designator: OldDesignator=C12 NewDesignator=C1
Change Component Designator: OldDesignator=C13 NewDesignator=C5
Change Component Designator: OldDesignator=C14 NewDesignator=C21
Change Component Designator: OldDesignator=C15 NewDesignator=C14
Change Component Designator: OldDesignator=C16 NewDesignator=C18
Change Component Designator: OldDesignator=C17 NewDesignator=C19
Change Component Designator: OldDesignator=C18 NewDesignator=C20
Change Component Designator: OldDesignator=C19 NewDesignator=C27
Change Component Designator: OldDesignator=C20 NewDesignator=C23
Change Component Designator: OldDesignator=C21 NewDesignator=C24
Change Component Designator: OldDesignator=C22 NewDesignator=C25
Change Component Designator: OldDesignator=C23 NewDesignator=C26
Change Component Designator: OldDesignator=C24 NewDesignator=C15
Change Component Designator: OldDesignator=C25 NewDesignator=C16
Change Component Designator: OldDesignator=C26 NewDesignator=C17
Change Component Designator: OldDesignator=C27 NewDesignator=C29
Change Component Designator: OldDesignator=C28 NewDesignator=C43
Change Component Designator: OldDesignator=C29 NewDesignator=C44
Change Component Designator: OldDesignator=C30 NewDesignator=C35
Change Component Designator: OldDesignator=C31 NewDesignator=C36
Change Component Designator: OldDesignator=C32 NewDesignator=C37
Change Component Designator: OldDesignator=C35 NewDesignator=C41
Change Component Designator: OldDesignator=C36 NewDesignator=C38
Change Component Designator: OldDesignator=C37 NewDesignator=C42
Change Component Designator: OldDesignator=C38 NewDesignator=C31
Change Component Designator: OldDesignator=C39 NewDesignator=C28
Change Component Designator: OldDesignator=C40 NewDesignator=C22
Change Component Designator: OldDesignator=C41 NewDesignator=C32
Change Component Designator: OldDesignator=C42 NewDesignator=C30
Change Component Designator: OldDesignator=C_bat NewDesignator=C_bat1
Change Component Designator: OldDesignator=D1 NewDesignator=D5
Change Component Designator: OldDesignator=D2 NewDesignator=D6
Change Component Designator: OldDesignator=D4 NewDesignator=D1
Change Component Designator: OldDesignator=D5 NewDesignator=D8
Change Component Designator: OldDesignator=D6 NewDesignator=D2
Change Component Designator: OldDesignator=L1 NewDesignator=L2
Change Component Designator: OldDesignator=L2 NewDesignator=L1
Change Component Designator: OldDesignator=L3 NewDesignator=L4
Change Component Designator: OldDesignator=L4 NewDesignator=L3
Change Component Designator: OldDesignator=P1 NewDesignator=P2
Change Component Designator: OldDesignator=P4 NewDesignator=P1
Change Component Designator: OldDesignator=Q4 NewDesignator=Q3
Change Component Designator: OldDesignator=Q5 NewDesignator=Q4
Change Component Designator: OldDesignator=R3 NewDesignator=R9
Change Component Designator: OldDesignator=R5 NewDesignator=R8
Change Component Designator: OldDesignator=R6 NewDesignator=R13
Change Component Designator: OldDesignator=R8 NewDesignator=R16
Change Component Designator: OldDesignator=R9 NewDesignator=R18
Change Component Designator: OldDesignator=R10 NewDesignator=R17
Change Component Designator: OldDesignator=R11 NewDesignator=R19
Change Component Designator: OldDesignator=R12 NewDesignator=R3
Change Component Designator: OldDesignator=R14 NewDesignator=R11
Change Component Designator: OldDesignator=R15 NewDesignator=R10
Change Component Designator: OldDesignator=R16 NewDesignator=R12
Change Component Designator: OldDesignator=R17 NewDesignator=R15
Change Component Designator: OldDesignator=R18 NewDesignator=R21
Change Component Designator: OldDesignator=R19 NewDesignator=R22
Change Component Designator: OldDesignator=R21 NewDesignator=R23
Change Component Designator: OldDesignator=R22 NewDesignator=R6
Change Component Designator: OldDesignator=R23 NewDesignator=R5
Change Component Designator: OldDesignator=R_L3 NewDesignator=R_L5
Change Component Designator: OldDesignator=R_L5 NewDesignator=R_L6
Change Component Designator: OldDesignator=S1 NewDesignator=S2
Change Component Designator: OldDesignator=S2 NewDesignator=S1
Change Component Designator: OldDesignator=W2 NewDesignator=W3
Change Component Designator: OldDesignator=W3 NewDesignator=W2
Change Component Description : Designator=P3 Old Description=Header, 4-Pin New Description=
Change Component Library : Designator=P3 Old Library=Miscellaneous Connectors.IntLib New Library=Components.SchLib
Added Component: Designator=C39(1608[0603])
Added Component: Designator=C40(1608[0603])
Added Component: Designator=D4(3.2X1.6X1.1)
Added Component: Designator=D7(3.2X1.6X1.1)
Added Component: Designator=P4(HDR1X4)
Added Component: Designator=R14(RES_0603)
Added Component: Designator=R_L3(RES_0603)
Added Component: Designator=R_L4(RES_0603)
Added Pin To Net: NetName=GND Pin=C33-1
Added Pin To Net: NetName=5VA Pin=C33-2
Added Pin To Net: NetName=GND Pin=C34-1
Added Pin To Net: NetName=3V3A Pin=C34-2
Added Pin To Net: NetName=3V3 Pin=C33-1
Added Pin To Net: NetName=GND Pin=C33-2
Added Pin To Net: NetName=3V3 Pin=C34-1
Added Pin To Net: NetName=GND Pin=C34-2
Added Pin To Net: NetName=NetD1_1 Pin=D1-1
Added Pin To Net: NetName=NetD4_1 Pin=D4-1
Added Pin To Net: NetName=GND Pin=D4-2
Added Pin To Net: NetName=GND Pin=D3-2
Added Pin To Net: NetName=3V3 Pin=P3-1
Added Pin To Net: NetName=SWDIO Pin=P3-3
Added Pin To Net: NetName=SWCLK Pin=P3-4
Added Pin To Net: NetName=GND Pin=P3-2
Added Pin To Net: NetName=IMG_TX Pin=P3-3
Added Pin To Net: NetName=IMG_RX Pin=P3-4
Added Pin To Net: NetName=NetBT1_1 Pin=R7-2
Added Pin To Net: NetName=GND Pin=R7-1
Added Pin To Net: NetName=NetD3_1 Pin=R_L1-1
Added Pin To Net: NetName=NetD4_1 Pin=R_L2-1
Added Pin To Net: NetName=3V3 Pin=R_L1-2
Added Pin To Net: NetName=5V Pin=R_L2-2
Added Pin To Net: NetName=NetD1_1 Pin=W2-1
Change Net Name : Old Net Name=NetC15_1 New Net Name=NetC14_1
Change Net Name : Old Net Name=NetC15_2 New Net Name=NetC14_2
Change Net Name : Old Net Name=NetC20_2 New Net Name=NetC23_2
Change Net Name : Old Net Name=NetD5_1 New Net Name=NetD8_1
Change Net Name : Old Net Name=NetD6_1 New Net Name=NetD2_1
Change Net Name : Old Net Name=NetD6_2 New Net Name=NetD2_2
Change Net Name : Old Net Name=NetP1_2 New Net Name=NetP2_2
Added Net: Name=DEBUG_RX
Added Net: Name=DEBUG_TX
Added Pin To Net: NetName=ERR_LED Pin=R_L1-2
Added Net: Name=ERR_LED
Added Pin To Net: NetName=H_BEAT Pin=R_L2-2
Added Net: Name=H_BEAT
Added Pin To Net: NetName=NetC2_1 Pin=C2-1
Added Net: Name=NetC2_1
Added Pin To Net: NetName=NetC2_2 Pin=C2-2
Added Net: Name=NetC2_2
Added Pin To Net: NetName=NetC3_1 Pin=C3-1
Added Net: Name=NetC3_1
Added Pin To Net: NetName=NetC4_2 Pin=C4-2
Added Net: Name=NetC4_2
Added Pin To Net: NetName=NetC22_1 Pin=C22-1
Added Net: Name=NetC22_1
Added Pin To Net: NetName=NetC23_1 Pin=C23-1
Added Pin To Net: NetName=NetC23_1 Pin=R13-2
Added Pin To Net: NetName=NetC23_1 Pin=R7-2
Added Net: Name=NetC23_1
Added Pin To Net: NetName=NetC28_2 Pin=C28-2
Added Pin To Net: NetName=NetC28_2 Pin=Y1-2
Added Net: Name=NetC28_2
Added Pin To Net: NetName=NetC31_1 Pin=C31-1
Added Pin To Net: NetName=NetC31_1 Pin=Y1-1
Added Net: Name=NetC31_1
Added Pin To Net: NetName=NetC32_1 Pin=C32-1
Added Net: Name=NetC32_1
Added Pin To Net: NetName=NetD1_2 Pin=D1-2
Added Pin To Net: NetName=NetD1_2 Pin=R7-1
Added Net: Name=NetD1_2
Added Pin To Net: NetName=NetD5_1 Pin=D5-1
Added Pin To Net: NetName=NetD5_1 Pin=R_L1-1
Added Net: Name=NetD5_1
Added Pin To Net: NetName=NetD6_1 Pin=D6-1
Added Pin To Net: NetName=NetD6_1 Pin=R_L2-1
Added Net: Name=NetD6_1
Added Pin To Net: NetName=NetD7_1 Pin=D3-1
Added Pin To Net: NetName=NetD7_1 Pin=R_L5-1
Added Net: Name=NetD7_1
Added Pin To Net: NetName=NetL2_2 Pin=L2-2
Added Net: Name=NetL2_2
Added Pin To Net: NetName=NetL4_2 Pin=L4-2
Added Net: Name=NetL4_2
Added Pin To Net: NetName=NetP4_1 Pin=P3-1
Added Pin To Net: NetName=NetP4_1 Pin=W6-2
Added Net: Name=NetP4_1
Added Pin To Net: NetName=NetR10_2 Pin=R10-2
Added Net: Name=NetR10_2
Added Pin To Net: NetName=NetR11_1 Pin=R11-1
Added Net: Name=NetR11_1
Added Pin To Net: NetName=NetR11_2 Pin=R11-2
Added Net: Name=NetR11_2
Added Pin To Net: NetName=NetR12_2 Pin=R12-2
Added Net: Name=NetR12_2
Added Pin To Net: NetName=NetR21_2 Pin=R21-2
Added Net: Name=NetR21_2
Added Pin To Net: NetName=NetU10_1 Pin=W5-1
Added Net: Name=NetU10_1
Added Pin To Net: NetName=NetU11_4 Pin=W4-2
Added Net: Name=NetU11_4
Added Pin To Net: NetName=SD_LED Pin=R_L5-2
Added Net: Name=SD_LED
Added Member To Class: ClassName=glider_sch_V1_16Febr Member=Component C43 Cap Semi
Added Member To Class: ClassName=glider_sch_V1_16Febr Member=Component C44 Cap Semi
Added Member To Class: ClassName=glider_sch_V1_16Febr Member=Component D7 LED2
Added Member To Class: ClassName=glider_sch_V1_16Febr Member=Component D8 LED2
Added Member To Class: ClassName=glider_sch_V1_16Febr Member=Component P2 Bat Con
Added Member To Class: ClassName=glider_sch_V1_16Febr Member=Component R_L4 Res3
Added Member To Class: ClassName=glider_sch_V1_16Febr Member=Component R_L6 Res3
